mode: set
github.com/agntcy/slim/control-plane/control-plane/internal/services/groupservice/groupservice.go:21.61,25.2 1 1
github.com/agntcy/slim/control-plane/control-plane/internal/services/groupservice/groupservice.go:30.49,33.47 2 1
github.com/agntcy/slim/control-plane/control-plane/internal/services/groupservice/groupservice.go:33.47,35.3 1 1
github.com/agntcy/slim/control-plane/control-plane/internal/services/groupservice/groupservice.go:37.2,38.16 2 1
github.com/agntcy/slim/control-plane/control-plane/internal/services/groupservice/groupservice.go:38.16,40.3 1 0
github.com/agntcy/slim/control-plane/control-plane/internal/services/groupservice/groupservice.go:41.2,43.16 3 1
github.com/agntcy/slim/control-plane/control-plane/internal/services/groupservice/groupservice.go:43.16,45.3 1 1
github.com/agntcy/slim/control-plane/control-plane/internal/services/groupservice/groupservice.go:46.2,50.8 2 1
github.com/agntcy/slim/control-plane/control-plane/internal/services/groupservice/groupservice.go:55.88,58.42 2 0
github.com/agntcy/slim/control-plane/control-plane/internal/services/groupservice/groupservice.go:58.42,60.3 1 0
github.com/agntcy/slim/control-plane/control-plane/internal/services/groupservice/groupservice.go:62.2,63.16 2 0
github.com/agntcy/slim/control-plane/control-plane/internal/services/groupservice/groupservice.go:63.16,65.3 1 0
github.com/agntcy/slim/control-plane/control-plane/internal/services/groupservice/groupservice.go:66.2,70.8 2 0
github.com/agntcy/slim/control-plane/control-plane/internal/services/groupservice/groupservice.go:75.90,78.43 2 0
github.com/agntcy/slim/control-plane/control-plane/internal/services/groupservice/groupservice.go:78.43,80.3 1 0
github.com/agntcy/slim/control-plane/control-plane/internal/services/groupservice/groupservice.go:81.2,81.47 1 0
github.com/agntcy/slim/control-plane/control-plane/internal/services/groupservice/groupservice.go:81.47,83.3 1 0
github.com/agntcy/slim/control-plane/control-plane/internal/services/groupservice/groupservice.go:85.2,86.16 2 0
github.com/agntcy/slim/control-plane/control-plane/internal/services/groupservice/groupservice.go:86.16,88.3 1 0
github.com/agntcy/slim/control-plane/control-plane/internal/services/groupservice/groupservice.go:90.2,90.51 1 0
github.com/agntcy/slim/control-plane/control-plane/internal/services/groupservice/groupservice.go:90.51,91.57 1 0
github.com/agntcy/slim/control-plane/control-plane/internal/services/groupservice/groupservice.go:91.57,94.4 1 0
github.com/agntcy/slim/control-plane/control-plane/internal/services/groupservice/groupservice.go:97.2,99.16 3 0
github.com/agntcy/slim/control-plane/control-plane/internal/services/groupservice/groupservice.go:99.16,101.3 1 0
github.com/agntcy/slim/control-plane/control-plane/internal/services/groupservice/groupservice.go:102.2,106.8 2 0
github.com/agntcy/slim/control-plane/control-plane/internal/services/groupservice/groupservice.go:111.96,113.46 2 0
github.com/agntcy/slim/control-plane/control-plane/internal/services/groupservice/groupservice.go:113.46,115.3 1 0
github.com/agntcy/slim/control-plane/control-plane/internal/services/groupservice/groupservice.go:116.2,116.50 1 0
github.com/agntcy/slim/control-plane/control-plane/internal/services/groupservice/groupservice.go:116.50,118.3 1 0
github.com/agntcy/slim/control-plane/control-plane/internal/services/groupservice/groupservice.go:119.2,120.16 2 0
github.com/agntcy/slim/control-plane/control-plane/internal/services/groupservice/groupservice.go:120.16,122.3 1 0
github.com/agntcy/slim/control-plane/control-plane/internal/services/groupservice/groupservice.go:123.2,124.53 2 0
github.com/agntcy/slim/control-plane/control-plane/internal/services/groupservice/groupservice.go:124.53,125.60 1 0
github.com/agntcy/slim/control-plane/control-plane/internal/services/groupservice/groupservice.go:125.60,127.9 2 0
github.com/agntcy/slim/control-plane/control-plane/internal/services/groupservice/groupservice.go:131.2,131.20 1 0
github.com/agntcy/slim/control-plane/control-plane/internal/services/groupservice/groupservice.go:131.20,134.3 1 0
github.com/agntcy/slim/control-plane/control-plane/internal/services/groupservice/groupservice.go:136.2,139.16 3 0
github.com/agntcy/slim/control-plane/control-plane/internal/services/groupservice/groupservice.go:139.16,141.3 1 0
github.com/agntcy/slim/control-plane/control-plane/internal/services/groupservice/groupservice.go:142.2,146.8 2 0
github.com/agntcy/slim/control-plane/control-plane/internal/services/groupservice/groupservice.go:151.85,154.16 3 0
github.com/agntcy/slim/control-plane/control-plane/internal/services/groupservice/groupservice.go:154.16,156.3 1 0
github.com/agntcy/slim/control-plane/control-plane/internal/services/groupservice/groupservice.go:158.2,159.35 2 0
github.com/agntcy/slim/control-plane/control-plane/internal/services/groupservice/groupservice.go:159.35,161.3 1 0
github.com/agntcy/slim/control-plane/control-plane/internal/services/groupservice/groupservice.go:162.2,166.8 2 0
github.com/agntcy/slim/control-plane/control-plane/internal/services/groupservice/groupservice.go:172.50,175.45 2 0
github.com/agntcy/slim/control-plane/control-plane/internal/services/groupservice/groupservice.go:175.45,177.3 1 0
github.com/agntcy/slim/control-plane/control-plane/internal/services/groupservice/groupservice.go:179.2,180.16 2 0
github.com/agntcy/slim/control-plane/control-plane/internal/services/groupservice/groupservice.go:180.16,182.3 1 0
github.com/agntcy/slim/control-plane/control-plane/internal/services/groupservice/groupservice.go:183.2,187.8 2 0
